#
# A fatal error has been detected by the Java Runtime Environment:
#
#  Internal Error (classFileParser.cpp:3494), pid=6719, tid=3061910336
#  Error: ShouldNotReachHere()
#
# JRE version: 6.0_27-b27
# Java VM: OpenJDK Server VM (20.0-b12 mixed mode linux-x86 )
# Derivative: IcedTea6 1.12.6
# Distribution: Ubuntu 12.04 LTS, package 6b27-1.12.6-1ubuntu0.12.04.2
# If you would like to submit a bug report, please include
# instructions how to reproduce the bug and visit:
#   https://bugs.launchpad.net/ubuntu/+source/openjdk-6/
#

---------------  T H R E A D  ---------------

Current thread (0xb6605400):  JavaThread "Unknown thread" [_thread_in_vm, id=6720, stack(0xb67c0000,0xb6811000)]

Stack: [0xb67c0000,0xb6811000]
[error occurred during error reporting (printing stack bounds), id 0xb]


[error occurred during error reporting (printing native stack), id 0xb]


---------------  P R O C E S S  ---------------

Java Threads: ( => current thread )

Other Threads:

=>0xb6605400 (exited) JavaThread "Unknown thread" [_thread_in_vm, id=6720, stack(0xb67c0000,0xb6811000)]

VM state:not at safepoint (not fully initialized)

VM Mutex/Monitor currently owned by a thread: None

Dynamic libraries:
08048000-08051000 r-xp 00000000 08:01 2631054    /usr/lib/jvm/java-6-openjdk-i386/jre/bin/java
08051000-08052000 r--p 00008000 08:01 2631054    /usr/lib/jvm/java-6-openjdk-i386/jre/bin/java
08052000-08053000 rw-p 00009000 08:01 2631054    /usr/lib/jvm/java-6-openjdk-i386/jre/bin/java
09d9f000-09dc0000 rw-p 00000000 00:00 0          [heap]
8af00000-8af21000 rw-p 00000000 00:00 0 
8af21000-8b000000 ---p 00000000 00:00 0 
8b036000-8b100000 r--s 011ad000 08:05 11407415   /home/mati/Descargas/android-sdk-linux/platforms/android-18/android.jar
8b100000-8b121000 rw-p 00000000 00:00 0 
8b121000-8b200000 ---p 00000000 00:00 0 
8b252000-8b253000 ---p 00000000 00:00 0 
8b253000-8b2d3000 rw-p 00000000 00:00 0 
8b2d3000-8b2d4000 ---p 00000000 00:00 0 
8b2d4000-8b35e000 rw-p 00000000 00:00 0 
8b35e000-8b3ff000 rw-p 00000000 00:00 0 
8b3ff000-8b407000 rw-p 00000000 00:00 0 
8b407000-8b43f000 rw-p 00000000 00:00 0 
8b43f000-8b449000 rw-p 00000000 00:00 0 
8b449000-8b4e9000 rw-p 00000000 00:00 0 
8b4e9000-8b4ef000 rw-p 00000000 00:00 0 
8b4ef000-8b53f000 rw-p 00000000 00:00 0 
8b53f000-8c540000 rw-p 00000000 00:00 0 
8c540000-93540000 rw-p 00000000 00:00 0 
93540000-948f0000 rw-p 00000000 00:00 0 
948f0000-a8aa0000 rw-p 00000000 00:00 0 
a8aa0000-a9470000 rw-p 00000000 00:00 0 
a9470000-b3540000 rw-p 00000000 00:00 0 
b3540000-b3549000 rw-p 00000000 00:00 0 
b3549000-b3600000 rw-p 00000000 00:00 0 
b3600000-b3840000 rwxp 00000000 00:00 0 
b3840000-b6661000 rw-p 00000000 00:00 0 
b6661000-b6700000 ---p 00000000 00:00 0 
b6700000-b6708000 rw-p 00000000 00:00 0 
b6708000-b6740000 rw-p 00000000 00:00 0 
b6740000-b674b000 r-xp 00000000 08:01 1966215    /lib/i386-linux-gnu/libnss_files-2.15.so
b674b000-b674c000 r--p 0000a000 08:01 1966215    /lib/i386-linux-gnu/libnss_files-2.15.so
b674c000-b674d000 rw-p 0000b000 08:01 1966215    /lib/i386-linux-gnu/libnss_files-2.15.so
b674d000-b6757000 r-xp 00000000 08:01 1967166    /lib/i386-linux-gnu/libnss_nis-2.15.so
b6757000-b6758000 r--p 00009000 08:01 1967166    /lib/i386-linux-gnu/libnss_nis-2.15.so
b6758000-b6759000 rw-p 0000a000 08:01 1967166    /lib/i386-linux-gnu/libnss_nis-2.15.so
b6759000-b676f000 r-xp 00000000 08:01 1970169    /lib/i386-linux-gnu/libnsl-2.15.so
b676f000-b6770000 r--p 00015000 08:01 1970169    /lib/i386-linux-gnu/libnsl-2.15.so
b6770000-b6771000 rw-p 00016000 08:01 1970169    /lib/i386-linux-gnu/libnsl-2.15.so
b6771000-b6773000 rw-p 00000000 00:00 0 
b6773000-b677a000 r-xp 00000000 08:01 1966211    /lib/i386-linux-gnu/libnss_compat-2.15.so
b677a000-b677b000 r--p 00006000 08:01 1966211    /lib/i386-linux-gnu/libnss_compat-2.15.so
b677b000-b677c000 rw-p 00007000 08:01 1966211    /lib/i386-linux-gnu/libnss_compat-2.15.so
b677d000-b6784000 r-xp 00000000 08:01 398528     /usr/lib/jvm/java-6-openjdk-i386/jre/lib/i386/libzip.so
b6784000-b6785000 r--p 00006000 08:01 398528     /usr/lib/jvm/java-6-openjdk-i386/jre/lib/i386/libzip.so
b6785000-b6786000 rw-p 00007000 08:01 398528     /usr/lib/jvm/java-6-openjdk-i386/jre/lib/i386/libzip.so
b6786000-b678e000 rw-s 00000000 08:01 2359355    /tmp/hsperfdata_mati/6719
b678e000-b67b4000 r-xp 00000000 08:01 398514     /usr/lib/jvm/java-6-openjdk-i386/jre/lib/i386/libjava.so
b67b4000-b67b5000 r--p 00025000 08:01 398514     /usr/lib/jvm/java-6-openjdk-i386/jre/lib/i386/libjava.so
b67b5000-b67b7000 rw-p 00026000 08:01 398514     /usr/lib/jvm/java-6-openjdk-i386/jre/lib/i386/libjava.so
b67b7000-b67be000 r-xp 00000000 08:01 1967165    /lib/i386-linux-gnu/librt-2.15.so
b67be000-b67bf000 r--p 00006000 08:01 1967165    /lib/i386-linux-gnu/librt-2.15.so
b67bf000-b67c0000 rw-p 00007000 08:01 1967165    /lib/i386-linux-gnu/librt-2.15.so
b67c0000-b67c3000 ---p 00000000 00:00 0 
b67c3000-b6811000 rw-p 00000000 00:00 0 
b6811000-b682d000 r-xp 00000000 08:01 1967028    /lib/i386-linux-gnu/libgcc_s.so.1
b682d000-b682e000 r--p 0001b000 08:01 1967028    /lib/i386-linux-gnu/libgcc_s.so.1
b682e000-b682f000 rw-p 0001c000 08:01 1967028    /lib/i386-linux-gnu/libgcc_s.so.1
b682f000-b6859000 r-xp 00000000 08:01 1970010    /lib/i386-linux-gnu/libm-2.15.so
b6859000-b685a000 r--p 00029000 08:01 1970010    /lib/i386-linux-gnu/libm-2.15.so
b685a000-b685b000 rw-p 0002a000 08:01 1970010    /lib/i386-linux-gnu/libm-2.15.so
b685b000-b6933000 r-xp 00000000 08:01 2495468    /usr/lib/i386-linux-gnu/libstdc++.so.6.0.16
b6933000-b6934000 ---p 000d8000 08:01 2495468    /usr/lib/i386-linux-gnu/libstdc++.so.6.0.16
b6934000-b6938000 r--p 000d8000 08:01 2495468    /usr/lib/i386-linux-gnu/libstdc++.so.6.0.16
b6938000-b6939000 rw-p 000dc000 08:01 2495468    /usr/lib/i386-linux-gnu/libstdc++.so.6.0.16
b6939000-b6940000 rw-p 00000000 00:00 0 
b6940000-b7160000 r-xp 00000000 08:01 398507     /usr/lib/jvm/java-6-openjdk-i386/jre/lib/i386/server/libjvm.so
b7160000-b71a5000 r--p 0081f000 08:01 398507     /usr/lib/jvm/java-6-openjdk-i386/jre/lib/i386/server/libjvm.so
b71a5000-b71b4000 rw-p 00864000 08:01 398507     /usr/lib/jvm/java-6-openjdk-i386/jre/lib/i386/server/libjvm.so
b71b4000-b75d0000 rw-p 00000000 00:00 0 
b75d0000-b75e4000 r-xp 00000000 08:01 1967118    /lib/i386-linux-gnu/libz.so.1.2.3.4
b75e4000-b75e5000 r--p 00013000 08:01 1967118    /lib/i386-linux-gnu/libz.so.1.2.3.4
b75e5000-b75e6000 rw-p 00014000 08:01 1967118    /lib/i386-linux-gnu/libz.so.1.2.3.4
b75e6000-b7789000 r-xp 00000000 08:01 1966145    /lib/i386-linux-gnu/libc-2.15.so
b7789000-b778b000 r--p 001a3000 08:01 1966145    /lib/i386-linux-gnu/libc-2.15.so
b778b000-b778c000 rw-p 001a5000 08:01 1966145    /lib/i386-linux-gnu/libc-2.15.so
b778c000-b778f000 rw-p 00000000 00:00 0 
b778f000-b7792000 r-xp 00000000 08:01 1970015    /lib/i386-linux-gnu/libdl-2.15.so
b7792000-b7793000 r--p 00002000 08:01 1970015    /lib/i386-linux-gnu/libdl-2.15.so
b7793000-b7794000 rw-p 00003000 08:01 1970015    /lib/i386-linux-gnu/libdl-2.15.so
b7794000-b7798000 r-xp 00000000 08:01 398527     /usr/lib/jvm/java-6-openjdk-i386/jre/lib/i386/jli/libjli.so
b7798000-b7799000 r--p 00003000 08:01 398527     /usr/lib/jvm/java-6-openjdk-i386/jre/lib/i386/jli/libjli.so
b7799000-b779a000 rw-p 00004000 08:01 398527     /usr/lib/jvm/java-6-openjdk-i386/jre/lib/i386/jli/libjli.so
b779a000-b779b000 rw-p 00000000 00:00 0 
b779b000-b77b2000 r-xp 00000000 08:01 1967167    /lib/i386-linux-gnu/libpthread-2.15.so
b77b2000-b77b3000 r--p 00016000 08:01 1967167    /lib/i386-linux-gnu/libpthread-2.15.so
b77b3000-b77b4000 rw-p 00017000 08:01 1967167    /lib/i386-linux-gnu/libpthread-2.15.so
b77b4000-b77b6000 rw-p 00000000 00:00 0 
b77b8000-b77b9000 rw-p 00000000 00:00 0 
b77b9000-b77ba000 r--p 00000000 00:00 0 
b77ba000-b77c5000 r-xp 00000000 08:01 398544     /usr/lib/jvm/java-6-openjdk-i386/jre/lib/i386/libverify.so
b77c5000-b77c6000 ---p 0000b000 08:01 398544     /usr/lib/jvm/java-6-openjdk-i386/jre/lib/i386/libverify.so
b77c6000-b77c7000 r--p 0000b000 08:01 398544     /usr/lib/jvm/java-6-openjdk-i386/jre/lib/i386/libverify.so
b77c7000-b77c8000 rw-p 0000c000 08:01 398544     /usr/lib/jvm/java-6-openjdk-i386/jre/lib/i386/libverify.so
b77c8000-b77ca000 rw-p 00000000 00:00 0 
b77ca000-b77cb000 r-xp 00000000 00:00 0          [vdso]
b77cb000-b77eb000 r-xp 00000000 08:01 1970011    /lib/i386-linux-gnu/ld-2.15.so
b77eb000-b77ec000 r--p 0001f000 08:01 1970011    /lib/i386-linux-gnu/ld-2.15.so
b77ec000-b77ed000 rw-p 00020000 08:01 1970011    /lib/i386-linux-gnu/ld-2.15.so
bf9ab000-bf9cc000 rw-p 00000000 00:00 0          [stack]

VM Arguments:
jvm_args: -Dfile.encoding=UTF-8 -Xbootclasspath:/home/mati/Descargas/android-sdk-linux/platforms/android-18/android.jar 
java_command: CampoTexto
Launcher Type: SUN_STANDARD

Environment Variables:
PATH=/usr/lib/lightdm/lightdm:/usr/local/sbin:/usr/local/bin:/usr/sbin:/usr/bin:/sbin:/bin:/usr/games
LD_LIBRARY_PATH=/usr/lib/jvm/java-6-openjdk-i386/jre/lib/i386/server:/usr/lib/jvm/java-6-openjdk-i386/jre/lib/i386:/usr/lib/jvm/java-6-openjdk-i386/jre/../lib/i386:/usr/lib/jvm/java-6-openjdk-i386/jre/lib/i386/client:/usr/lib/jvm/java-6-openjdk-i386/jre/lib/i386:
SHELL=/bin/bash
DISPLAY=:0

Signal Handlers:
SIGSEGV: [libjvm.so+0x66e730], sa_mask[0]=0x7ffbfeff, sa_flags=0x10000004
SIGBUS: [libjvm.so+0x66e730], sa_mask[0]=0x7ffbfeff, sa_flags=0x10000004
SIGFPE: [libjvm.so+0x530470], sa_mask[0]=0x7ffbfeff, sa_flags=0x10000004
SIGPIPE: [libjvm.so+0x530470], sa_mask[0]=0x7ffbfeff, sa_flags=0x10000004
SIGXFSZ: [libjvm.so+0x530470], sa_mask[0]=0x7ffbfeff, sa_flags=0x10000004
SIGILL: [libjvm.so+0x530470], sa_mask[0]=0x7ffbfeff, sa_flags=0x10000004
SIGUSR1: SIG_DFL, sa_mask[0]=0x00000000, sa_flags=0x00000000
SIGUSR2: [libjvm.so+0x530300], sa_mask[0]=0x00000004, sa_flags=0x10000004
SIGHUP: SIG_DFL, sa_mask[0]=0x00000000, sa_flags=0x00000000
SIGINT: SIG_DFL, sa_mask[0]=0x00000000, sa_flags=0x00000000
SIGTERM: SIG_DFL, sa_mask[0]=0x00000000, sa_flags=0x00000000
SIGQUIT: SIG_DFL, sa_mask[0]=0x00000000, sa_flags=0x00000000


---------------  S Y S T E M  ---------------

OS:Ubuntu 12.04 (precise)
uname:Linux 3.2.0-23-generic-pae #36-Ubuntu SMP Tue Apr 10 22:19:09 UTC 2012 i686
libc:glibc 2.15 NPTL 2.15 
rlimit: STACK 8192k, CORE 0k, NPROC 14976, NOFILE 4096, AS infinity
load average:1.21 1.26 1.19

/proc/meminfo:
MemTotal:        1931492 kB
MemFree:          110164 kB
Buffers:           13240 kB
Cached:           512800 kB
SwapCached:         4276 kB
Active:           798424 kB
Inactive:         786896 kB
Active(anon):     542576 kB
Inactive(anon):   527488 kB
Active(file):     255848 kB
Inactive(file):   259408 kB
Unevictable:          48 kB
Mlocked:              48 kB
HighTotal:       1052296 kB
HighFree:          13424 kB
LowTotal:         879196 kB
LowFree:           96740 kB
SwapTotal:       4880380 kB
SwapFree:        4852340 kB
Dirty:               752 kB
Writeback:             0 kB
AnonPages:       1056292 kB
Mapped:           111304 kB
Shmem:             10752 kB
Slab:              58408 kB
SReclaimable:      42040 kB
SUnreclaim:        16368 kB
KernelStack:        3344 kB
PageTables:         9008 kB
NFS_Unstable:          0 kB
Bounce:                0 kB
WritebackTmp:          0 kB
CommitLimit:     5846124 kB
Committed_AS:    5928588 kB
VmallocTotal:     122880 kB
VmallocUsed:       35780 kB
VmallocChunk:      54372 kB
HardwareCorrupted:     0 kB
AnonHugePages:         0 kB
HugePages_Total:       0
HugePages_Free:        0
HugePages_Rsvd:        0
HugePages_Surp:        0
Hugepagesize:       2048 kB
DirectMap4k:      204792 kB
DirectMap2M:      708608 kB


CPU:total 2 (2 cores per cpu, 1 threads per core) family 15 model 107 stepping 2, cmov, cx8, fxsr, mmx, sse, sse2, sse3, mmxext, 3dnowpref

Memory: 4k page, physical 1931492k(110164k free), swap 4880380k(4852340k free)

vm_info: OpenJDK Server VM (20.0-b12) for linux-x86 JRE (1.6.0_27-b27), built on Jul 17 2013 13:43:50 by "buildd" with gcc 4.6.3

time: Tue Oct  8 11:49:29 2013
elapsed time: 0 seconds

